{"/home/bruno/Área de Trabalho/Projeto/squad-1-ad-nodejs-kroton-1/src/app.js": {"path":"/home/bruno/Área de Trabalho/Projeto/squad-1-ad-nodejs-kroton-1/src/app.js","statementMap":{"0":{"start":{"line":1,"column":16},"end":{"line":1,"column":34}},"1":{"start":{"line":2,"column":19},"end":{"line":2,"column":41}},"2":{"start":{"line":3,"column":12},"end":{"line":3,"column":21}},"3":{"start":{"line":4,"column":15},"end":{"line":4,"column":34}},"4":{"start":{"line":6,"column":0},"end":{"line":6,"column":26}},"5":{"start":{"line":8,"column":0},"end":{"line":8,"column":19}},"6":{"start":{"line":10,"column":0},"end":{"line":10,"column":24}}},"fnMap":{},"branchMap":{},"s":{"0":1,"1":1,"2":1,"3":1,"4":1,"5":1,"6":1},"f":{},"b":{},"_coverageSchema":"1a1c01bbd47fc00a2c39e90264f33305004495a9","hash":"32c8c7cb3c6ae1a36415ccdfc4a6715aa3f91096"}
,"/home/bruno/Área de Trabalho/Projeto/squad-1-ad-nodejs-kroton-1/src/config/auth.config.js": {"path":"/home/bruno/Área de Trabalho/Projeto/squad-1-ad-nodejs-kroton-1/src/config/auth.config.js","statementMap":{"0":{"start":{"line":1,"column":0},"end":{"line":3,"column":4}}},"fnMap":{},"branchMap":{},"s":{"0":1},"f":{},"b":{},"_coverageSchema":"1a1c01bbd47fc00a2c39e90264f33305004495a9","hash":"de5e31a0feaa59ca3e0066ea350baa0ad00ecb4a"}
,"/home/bruno/Área de Trabalho/Projeto/squad-1-ad-nodejs-kroton-1/src/config/index.js": {"path":"/home/bruno/Área de Trabalho/Projeto/squad-1-ad-nodejs-kroton-1/src/config/index.js","statementMap":{"0":{"start":{"line":3,"column":0},"end":{"line":12,"column":1}}},"fnMap":{},"branchMap":{},"s":{"0":1},"f":{},"b":{},"_coverageSchema":"1a1c01bbd47fc00a2c39e90264f33305004495a9","hash":"8bcace064cdf9faea018579601233568ee48d646"}
,"/home/bruno/Área de Trabalho/Projeto/squad-1-ad-nodejs-kroton-1/src/controllers/logs.js": {"path":"/home/bruno/Área de Trabalho/Projeto/squad-1-ad-nodejs-kroton-1/src/controllers/logs.js","statementMap":{"0":{"start":{"line":1,"column":18},"end":{"line":1,"column":46}},"1":{"start":{"line":2,"column":19},"end":{"line":2,"column":48}},"2":{"start":{"line":3,"column":15},"end":{"line":3,"column":35}},"3":{"start":{"line":4,"column":20},"end":{"line":4,"column":40}},"4":{"start":{"line":7,"column":11},"end":{"line":7,"column":13}},"5":{"start":{"line":9,"column":0},"end":{"line":16,"column":1}},"6":{"start":{"line":10,"column":15},"end":{"line":14,"column":4}},"7":{"start":{"line":15,"column":2},"end":{"line":15,"column":30}},"8":{"start":{"line":18,"column":0},"end":{"line":35,"column":1}},"9":{"start":{"line":19,"column":18},"end":{"line":19,"column":28}},"10":{"start":{"line":20,"column":2},"end":{"line":34,"column":4}},"11":{"start":{"line":30,"column":4},"end":{"line":32,"column":5}},"12":{"start":{"line":31,"column":6},"end":{"line":31,"column":50}},"13":{"start":{"line":33,"column":4},"end":{"line":33,"column":32}},"14":{"start":{"line":37,"column":0},"end":{"line":54,"column":1}},"15":{"start":{"line":38,"column":19},"end":{"line":38,"column":29}},"16":{"start":{"line":39,"column":2},"end":{"line":53,"column":4}},"17":{"start":{"line":49,"column":4},"end":{"line":51,"column":5}},"18":{"start":{"line":50,"column":6},"end":{"line":50,"column":50}},"19":{"start":{"line":52,"column":4},"end":{"line":52,"column":32}},"20":{"start":{"line":56,"column":0},"end":{"line":72,"column":1}},"21":{"start":{"line":58,"column":2},"end":{"line":71,"column":3}},"22":{"start":{"line":59,"column":2},"end":{"line":68,"column":6}},"23":{"start":{"line":67,"column":6},"end":{"line":67,"column":70}},"24":{"start":{"line":70,"column":4},"end":{"line":70,"column":71}},"25":{"start":{"line":74,"column":0},"end":{"line":74,"column":21}}},"fnMap":{"0":{"name":"(anonymous_0)","decl":{"start":{"line":9,"column":14},"end":{"line":9,"column":15}},"loc":{"start":{"line":9,"column":40},"end":{"line":16,"column":1}},"line":9},"1":{"name":"(anonymous_1)","decl":{"start":{"line":18,"column":18},"end":{"line":18,"column":19}},"loc":{"start":{"line":18,"column":44},"end":{"line":35,"column":1}},"line":18},"2":{"name":"(anonymous_2)","decl":{"start":{"line":29,"column":10},"end":{"line":29,"column":11}},"loc":{"start":{"line":29,"column":20},"end":{"line":34,"column":3}},"line":29},"3":{"name":"(anonymous_3)","decl":{"start":{"line":37,"column":19},"end":{"line":37,"column":20}},"loc":{"start":{"line":37,"column":45},"end":{"line":54,"column":1}},"line":37},"4":{"name":"(anonymous_4)","decl":{"start":{"line":48,"column":10},"end":{"line":48,"column":11}},"loc":{"start":{"line":48,"column":20},"end":{"line":53,"column":3}},"line":48},"5":{"name":"(anonymous_5)","decl":{"start":{"line":56,"column":14},"end":{"line":56,"column":15}},"loc":{"start":{"line":56,"column":40},"end":{"line":72,"column":1}},"line":56},"6":{"name":"(anonymous_6)","decl":{"start":{"line":66,"column":10},"end":{"line":66,"column":11}},"loc":{"start":{"line":66,"column":20},"end":{"line":68,"column":5}},"line":66}},"branchMap":{"0":{"loc":{"start":{"line":30,"column":4},"end":{"line":32,"column":5}},"type":"if","locations":[{"start":{"line":30,"column":4},"end":{"line":32,"column":5}},{"start":{"line":30,"column":4},"end":{"line":32,"column":5}}],"line":30},"1":{"loc":{"start":{"line":49,"column":4},"end":{"line":51,"column":5}},"type":"if","locations":[{"start":{"line":49,"column":4},"end":{"line":51,"column":5}},{"start":{"line":49,"column":4},"end":{"line":51,"column":5}}],"line":49}},"s":{"0":1,"1":1,"2":1,"3":1,"4":1,"5":1,"6":1,"7":1,"8":1,"9":0,"10":0,"11":0,"12":0,"13":0,"14":1,"15":0,"16":0,"17":0,"18":0,"19":0,"20":1,"21":3,"22":3,"23":3,"24":0,"25":1},"f":{"0":1,"1":0,"2":0,"3":0,"4":0,"5":3,"6":3},"b":{"0":[0,0],"1":[0,0]},"_coverageSchema":"1a1c01bbd47fc00a2c39e90264f33305004495a9","hash":"5debbdc9daf5f803694af496abb00178f51e6f17"}
,"/home/bruno/Área de Trabalho/Projeto/squad-1-ad-nodejs-kroton-1/src/controllers/users.js": {"path":"/home/bruno/Área de Trabalho/Projeto/squad-1-ad-nodejs-kroton-1/src/controllers/users.js","statementMap":{"0":{"start":{"line":1,"column":13},"end":{"line":1,"column":42}},"1":{"start":{"line":2,"column":15},"end":{"line":2,"column":35}},"2":{"start":{"line":3,"column":12},"end":{"line":3,"column":35}},"3":{"start":{"line":4,"column":15},"end":{"line":4,"column":34}},"4":{"start":{"line":5,"column":15},"end":{"line":5,"column":47}},"5":{"start":{"line":7,"column":12},"end":{"line":7,"column":14}},"6":{"start":{"line":9,"column":0},"end":{"line":24,"column":1}},"7":{"start":{"line":11,"column":2},"end":{"line":22,"column":5}},"8":{"start":{"line":12,"column":2},"end":{"line":19,"column":6}},"9":{"start":{"line":18,"column":5},"end":{"line":18,"column":82}},"10":{"start":{"line":21,"column":6},"end":{"line":21,"column":74}},"11":{"start":{"line":26,"column":0},"end":{"line":57,"column":5}},"12":{"start":{"line":27,"column":2},"end":{"line":56,"column":9}},"13":{"start":{"line":33,"column":6},"end":{"line":35,"column":7}},"14":{"start":{"line":34,"column":8},"end":{"line":34,"column":68}},"15":{"start":{"line":37,"column":28},"end":{"line":40,"column":7}},"16":{"start":{"line":42,"column":6},"end":{"line":47,"column":7}},"17":{"start":{"line":43,"column":8},"end":{"line":46,"column":11}},"18":{"start":{"line":49,"column":18},"end":{"line":49,"column":58}},"19":{"start":{"line":51,"column":6},"end":{"line":55,"column":11}},"20":{"start":{"line":60,"column":0},"end":{"line":71,"column":1}},"21":{"start":{"line":61,"column":4},"end":{"line":70,"column":6}},"22":{"start":{"line":64,"column":6},"end":{"line":69,"column":8}},"23":{"start":{"line":73,"column":0},"end":{"line":80,"column":1}},"24":{"start":{"line":74,"column":19},"end":{"line":74,"column":56}},"25":{"start":{"line":75,"column":17},"end":{"line":77,"column":4}},"26":{"start":{"line":79,"column":2},"end":{"line":79,"column":73}},"27":{"start":{"line":83,"column":0},"end":{"line":88,"column":1}},"28":{"start":{"line":84,"column":5},"end":{"line":86,"column":65}},"29":{"start":{"line":91,"column":0},"end":{"line":91,"column":22}}},"fnMap":{"0":{"name":"(anonymous_0)","decl":{"start":{"line":9,"column":15},"end":{"line":9,"column":16}},"loc":{"start":{"line":9,"column":41},"end":{"line":24,"column":1}},"line":9},"1":{"name":"(anonymous_1)","decl":{"start":{"line":17,"column":10},"end":{"line":17,"column":11}},"loc":{"start":{"line":17,"column":20},"end":{"line":19,"column":5}},"line":17},"2":{"name":"(anonymous_2)","decl":{"start":{"line":26,"column":14},"end":{"line":26,"column":15}},"loc":{"start":{"line":26,"column":34},"end":{"line":57,"column":5}},"line":26},"3":{"name":"(anonymous_3)","decl":{"start":{"line":32,"column":10},"end":{"line":32,"column":11}},"loc":{"start":{"line":32,"column":18},"end":{"line":56,"column":7}},"line":32},"4":{"name":"(anonymous_4)","decl":{"start":{"line":60,"column":16},"end":{"line":60,"column":17}},"loc":{"start":{"line":60,"column":36},"end":{"line":71,"column":1}},"line":60},"5":{"name":"(anonymous_5)","decl":{"start":{"line":63,"column":12},"end":{"line":63,"column":13}},"loc":{"start":{"line":63,"column":21},"end":{"line":70,"column":5}},"line":63},"6":{"name":"(anonymous_6)","decl":{"start":{"line":73,"column":15},"end":{"line":73,"column":16}},"loc":{"start":{"line":73,"column":41},"end":{"line":80,"column":1}},"line":73},"7":{"name":"(anonymous_7)","decl":{"start":{"line":83,"column":15},"end":{"line":83,"column":16}},"loc":{"start":{"line":83,"column":41},"end":{"line":88,"column":1}},"line":83}},"branchMap":{"0":{"loc":{"start":{"line":33,"column":6},"end":{"line":35,"column":7}},"type":"if","locations":[{"start":{"line":33,"column":6},"end":{"line":35,"column":7}},{"start":{"line":33,"column":6},"end":{"line":35,"column":7}}],"line":33},"1":{"loc":{"start":{"line":42,"column":6},"end":{"line":47,"column":7}},"type":"if","locations":[{"start":{"line":42,"column":6},"end":{"line":47,"column":7}},{"start":{"line":42,"column":6},"end":{"line":47,"column":7}}],"line":42}},"s":{"0":1,"1":1,"2":1,"3":1,"4":1,"5":1,"6":1,"7":6,"8":6,"9":5,"10":1,"11":1,"12":10,"13":10,"14":2,"15":8,"16":8,"17":1,"18":7,"19":7,"20":1,"21":1,"22":1,"23":1,"24":1,"25":1,"26":1,"27":1,"28":1,"29":1},"f":{"0":6,"1":5,"2":10,"3":10,"4":1,"5":1,"6":1,"7":1},"b":{"0":[2,8],"1":[1,7]},"_coverageSchema":"1a1c01bbd47fc00a2c39e90264f33305004495a9","hash":"9d201e4adae16e28a6c8b92850e57421cb8f55d2"}
,"/home/bruno/Área de Trabalho/Projeto/squad-1-ad-nodejs-kroton-1/src/middleware/authJwt.js": {"path":"/home/bruno/Área de Trabalho/Projeto/squad-1-ad-nodejs-kroton-1/src/middleware/authJwt.js","statementMap":{"0":{"start":{"line":1,"column":12},"end":{"line":1,"column":35}},"1":{"start":{"line":2,"column":15},"end":{"line":2,"column":50}},"2":{"start":{"line":3,"column":14},"end":{"line":3,"column":42}},"3":{"start":{"line":4,"column":13},"end":{"line":4,"column":42}},"4":{"start":{"line":6,"column":0},"end":{"line":24,"column":4}},"5":{"start":{"line":7,"column":16},"end":{"line":7,"column":45}},"6":{"start":{"line":9,"column":4},"end":{"line":13,"column":5}},"7":{"start":{"line":10,"column":6},"end":{"line":12,"column":9}},"8":{"start":{"line":15,"column":4},"end":{"line":23,"column":7}},"9":{"start":{"line":16,"column":6},"end":{"line":20,"column":7}},"10":{"start":{"line":17,"column":8},"end":{"line":19,"column":11}},"11":{"start":{"line":21,"column":6},"end":{"line":21,"column":30}},"12":{"start":{"line":22,"column":6},"end":{"line":22,"column":13}},"13":{"start":{"line":27,"column":18},"end":{"line":29,"column":3}},"14":{"start":{"line":30,"column":2},"end":{"line":30,"column":27}}},"fnMap":{"0":{"name":"(anonymous_0)","decl":{"start":{"line":6,"column":14},"end":{"line":6,"column":15}},"loc":{"start":{"line":6,"column":34},"end":{"line":24,"column":3}},"line":6},"1":{"name":"(anonymous_1)","decl":{"start":{"line":15,"column":37},"end":{"line":15,"column":38}},"loc":{"start":{"line":15,"column":55},"end":{"line":23,"column":5}},"line":15}},"branchMap":{"0":{"loc":{"start":{"line":9,"column":4},"end":{"line":13,"column":5}},"type":"if","locations":[{"start":{"line":9,"column":4},"end":{"line":13,"column":5}},{"start":{"line":9,"column":4},"end":{"line":13,"column":5}}],"line":9},"1":{"loc":{"start":{"line":16,"column":6},"end":{"line":20,"column":7}},"type":"if","locations":[{"start":{"line":16,"column":6},"end":{"line":20,"column":7}},{"start":{"line":16,"column":6},"end":{"line":20,"column":7}}],"line":16}},"s":{"0":1,"1":1,"2":1,"3":1,"4":1,"5":9,"6":9,"7":1,"8":8,"9":8,"10":1,"11":7,"12":7,"13":1,"14":1},"f":{"0":9,"1":8},"b":{"0":[1,8],"1":[1,7]},"_coverageSchema":"1a1c01bbd47fc00a2c39e90264f33305004495a9","hash":"34e02ed663252f1b7cc4c7277f5342c7c8198bf4"}
,"/home/bruno/Área de Trabalho/Projeto/squad-1-ad-nodejs-kroton-1/src/middleware/index.js": {"path":"/home/bruno/Área de Trabalho/Projeto/squad-1-ad-nodejs-kroton-1/src/middleware/index.js","statementMap":{"0":{"start":{"line":1,"column":16},"end":{"line":1,"column":36}},"1":{"start":{"line":2,"column":21},"end":{"line":2,"column":46}},"2":{"start":{"line":4,"column":0},"end":{"line":7,"column":2}}},"fnMap":{},"branchMap":{},"s":{"0":1,"1":1,"2":1},"f":{},"b":{},"_coverageSchema":"1a1c01bbd47fc00a2c39e90264f33305004495a9","hash":"7f5c591868570d6b72062b8710c56c768ca9c132"}
,"/home/bruno/Área de Trabalho/Projeto/squad-1-ad-nodejs-kroton-1/src/middleware/verifySignUp.js": {"path":"/home/bruno/Área de Trabalho/Projeto/squad-1-ad-nodejs-kroton-1/src/middleware/verifySignUp.js","statementMap":{"0":{"start":{"line":1,"column":14},"end":{"line":1,"column":42}},"1":{"start":{"line":2,"column":13},"end":{"line":2,"column":42}},"2":{"start":{"line":4,"column":0},"end":{"line":20,"column":5}},"3":{"start":{"line":6,"column":5},"end":{"line":19,"column":9}},"4":{"start":{"line":11,"column":8},"end":{"line":16,"column":9}},"5":{"start":{"line":12,"column":10},"end":{"line":14,"column":13}},"6":{"start":{"line":15,"column":10},"end":{"line":15,"column":17}},"7":{"start":{"line":18,"column":8},"end":{"line":18,"column":15}},"8":{"start":{"line":22,"column":23},"end":{"line":24,"column":3}},"9":{"start":{"line":26,"column":2},"end":{"line":26,"column":32}}},"fnMap":{"0":{"name":"(anonymous_0)","decl":{"start":{"line":4,"column":32},"end":{"line":4,"column":33}},"loc":{"start":{"line":4,"column":58},"end":{"line":20,"column":5}},"line":4},"1":{"name":"(anonymous_1)","decl":{"start":{"line":10,"column":14},"end":{"line":10,"column":15}},"loc":{"start":{"line":10,"column":22},"end":{"line":19,"column":7}},"line":10}},"branchMap":{"0":{"loc":{"start":{"line":11,"column":8},"end":{"line":16,"column":9}},"type":"if","locations":[{"start":{"line":11,"column":8},"end":{"line":16,"column":9}},{"start":{"line":11,"column":8},"end":{"line":16,"column":9}}],"line":11}},"s":{"0":1,"1":1,"2":1,"3":7,"4":7,"5":1,"6":1,"7":6,"8":1,"9":1},"f":{"0":7,"1":7},"b":{"0":[1,6]},"_coverageSchema":"1a1c01bbd47fc00a2c39e90264f33305004495a9","hash":"c4e9e464377532141bcf2dfab4e30e877865fc44"}
,"/home/bruno/Área de Trabalho/Projeto/squad-1-ad-nodejs-kroton-1/src/models/index.js": {"path":"/home/bruno/Área de Trabalho/Projeto/squad-1-ad-nodejs-kroton-1/src/models/index.js","statementMap":{"0":{"start":{"line":1,"column":18},"end":{"line":1,"column":38}},"1":{"start":{"line":2,"column":13},"end":{"line":2,"column":28}},"2":{"start":{"line":4,"column":15},"end":{"line":4,"column":35}},"3":{"start":{"line":6,"column":18},"end":{"line":14,"column":1}},"4":{"start":{"line":16,"column":14},"end":{"line":18,"column":1}},"5":{"start":{"line":20,"column":13},"end":{"line":22,"column":1}},"6":{"start":{"line":25,"column":0},"end":{"line":25,"column":19}},"7":{"start":{"line":26,"column":0},"end":{"line":26,"column":21}},"8":{"start":{"line":28,"column":11},"end":{"line":28,"column":13}},"9":{"start":{"line":30,"column":0},"end":{"line":30,"column":22}},"10":{"start":{"line":31,"column":0},"end":{"line":31,"column":20}},"11":{"start":{"line":33,"column":0},"end":{"line":33,"column":24}},"12":{"start":{"line":34,"column":0},"end":{"line":34,"column":24}},"13":{"start":{"line":36,"column":0},"end":{"line":36,"column":19}}},"fnMap":{},"branchMap":{},"s":{"0":1,"1":1,"2":1,"3":1,"4":1,"5":1,"6":1,"7":1,"8":1,"9":1,"10":1,"11":1,"12":1,"13":1},"f":{},"b":{},"_coverageSchema":"1a1c01bbd47fc00a2c39e90264f33305004495a9","hash":"ebed98df8a7c3ccda38da591a13eda6a9772c167"}
,"/home/bruno/Área de Trabalho/Projeto/squad-1-ad-nodejs-kroton-1/src/models/logs.js": {"path":"/home/bruno/Área de Trabalho/Projeto/squad-1-ad-nodejs-kroton-1/src/models/logs.js","statementMap":{"0":{"start":{"line":1,"column":0},"end":{"line":12,"column":3}},"1":{"start":{"line":2,"column":2},"end":{"line":12,"column":3}}},"fnMap":{"0":{"name":"(anonymous_0)","decl":{"start":{"line":1,"column":17},"end":{"line":1,"column":18}},"loc":{"start":{"line":2,"column":2},"end":{"line":12,"column":3}},"line":2}},"branchMap":{},"s":{"0":1,"1":1},"f":{"0":1},"b":{},"_coverageSchema":"1a1c01bbd47fc00a2c39e90264f33305004495a9","hash":"96ba35013254aed698cef72aa3a905588db71dbd"}
,"/home/bruno/Área de Trabalho/Projeto/squad-1-ad-nodejs-kroton-1/src/models/users.js": {"path":"/home/bruno/Área de Trabalho/Projeto/squad-1-ad-nodejs-kroton-1/src/models/users.js","statementMap":{"0":{"start":{"line":1,"column":0},"end":{"line":18,"column":4}},"1":{"start":{"line":2,"column":2},"end":{"line":18,"column":4}}},"fnMap":{"0":{"name":"(anonymous_0)","decl":{"start":{"line":1,"column":17},"end":{"line":1,"column":18}},"loc":{"start":{"line":2,"column":2},"end":{"line":18,"column":4}},"line":2}},"branchMap":{},"s":{"0":1,"1":1},"f":{"0":1},"b":{},"_coverageSchema":"1a1c01bbd47fc00a2c39e90264f33305004495a9","hash":"fe9b8b2784e42c102c09e63818f5049a3337a468"}
,"/home/bruno/Área de Trabalho/Projeto/squad-1-ad-nodejs-kroton-1/src/routes/index.js": {"path":"/home/bruno/Área de Trabalho/Projeto/squad-1-ad-nodejs-kroton-1/src/routes/index.js","statementMap":{"0":{"start":{"line":1,"column":16},"end":{"line":1,"column":34}},"1":{"start":{"line":2,"column":15},"end":{"line":2,"column":31}},"2":{"start":{"line":3,"column":14},"end":{"line":3,"column":32}},"3":{"start":{"line":4,"column":13},"end":{"line":4,"column":30}},"4":{"start":{"line":6,"column":0},"end":{"line":11,"column":2}},"5":{"start":{"line":7,"column":2},"end":{"line":10,"column":4}},"6":{"start":{"line":13,"column":0},"end":{"line":13,"column":27}},"7":{"start":{"line":14,"column":0},"end":{"line":14,"column":25}},"8":{"start":{"line":16,"column":0},"end":{"line":16,"column":23}}},"fnMap":{"0":{"name":"(anonymous_0)","decl":{"start":{"line":6,"column":16},"end":{"line":6,"column":17}},"loc":{"start":{"line":6,"column":30},"end":{"line":11,"column":1}},"line":6}},"branchMap":{},"s":{"0":1,"1":1,"2":1,"3":1,"4":1,"5":0,"6":1,"7":1,"8":1},"f":{"0":0},"b":{},"_coverageSchema":"1a1c01bbd47fc00a2c39e90264f33305004495a9","hash":"b0e27b242f731bbfb22779e7b450368c3fdffd37"}
,"/home/bruno/Área de Trabalho/Projeto/squad-1-ad-nodejs-kroton-1/src/routes/logs.js": {"path":"/home/bruno/Área de Trabalho/Projeto/squad-1-ad-nodejs-kroton-1/src/routes/logs.js","statementMap":{"0":{"start":{"line":1,"column":16},"end":{"line":1,"column":34}},"1":{"start":{"line":2,"column":15},"end":{"line":2,"column":31}},"2":{"start":{"line":3,"column":19},"end":{"line":3,"column":49}},"3":{"start":{"line":4,"column":20},"end":{"line":4,"column":44}},"4":{"start":{"line":7,"column":0},"end":{"line":7,"column":55}},"5":{"start":{"line":9,"column":0},"end":{"line":9,"column":71}},"6":{"start":{"line":11,"column":0},"end":{"line":11,"column":74}},"7":{"start":{"line":13,"column":0},"end":{"line":13,"column":56}},"8":{"start":{"line":16,"column":0},"end":{"line":16,"column":23}}},"fnMap":{},"branchMap":{},"s":{"0":1,"1":1,"2":1,"3":1,"4":1,"5":1,"6":1,"7":1,"8":1},"f":{},"b":{},"_coverageSchema":"1a1c01bbd47fc00a2c39e90264f33305004495a9","hash":"e992b294e9cd5fe79f89ff93dd9455cb7b36364d"}
,"/home/bruno/Área de Trabalho/Projeto/squad-1-ad-nodejs-kroton-1/src/routes/users.js": {"path":"/home/bruno/Área de Trabalho/Projeto/squad-1-ad-nodejs-kroton-1/src/routes/users.js","statementMap":{"0":{"start":{"line":1,"column":16},"end":{"line":1,"column":34}},"1":{"start":{"line":2,"column":15},"end":{"line":2,"column":31}},"2":{"start":{"line":3,"column":25},"end":{"line":3,"column":49}},"3":{"start":{"line":4,"column":20},"end":{"line":4,"column":44}},"4":{"start":{"line":5,"column":19},"end":{"line":5,"column":50}},"5":{"start":{"line":8,"column":0},"end":{"line":8,"column":86}},"6":{"start":{"line":10,"column":0},"end":{"line":10,"column":39}},"7":{"start":{"line":12,"column":0},"end":{"line":12,"column":57}},"8":{"start":{"line":14,"column":0},"end":{"line":14,"column":61}},"9":{"start":{"line":16,"column":0},"end":{"line":16,"column":65}},"10":{"start":{"line":19,"column":0},"end":{"line":19,"column":23}}},"fnMap":{},"branchMap":{},"s":{"0":1,"1":1,"2":1,"3":1,"4":1,"5":1,"6":1,"7":1,"8":1,"9":1,"10":1},"f":{},"b":{},"_coverageSchema":"1a1c01bbd47fc00a2c39e90264f33305004495a9","hash":"af577c6c7ef578687175249548808c5a2d545408"}
}
