TN:
SF:../app.js
FNF:0
FNH:0
DA:1,1
DA:2,1
DA:3,1
DA:4,1
DA:6,1
DA:8,1
DA:10,1
LF:7
LH:7
BRF:0
BRH:0
end_of_record
TN:
SF:../config/auth.config.js
FNF:0
FNH:0
DA:1,1
LF:1
LH:1
BRF:0
BRH:0
end_of_record
TN:
SF:../config/index.js
FNF:0
FNH:0
DA:3,1
LF:1
LH:1
BRF:0
BRH:0
end_of_record
TN:
SF:../controllers/logs.js
FN:9,(anonymous_0)
FN:18,(anonymous_1)
FN:29,(anonymous_2)
FN:37,(anonymous_3)
FN:48,(anonymous_4)
FN:56,(anonymous_5)
FN:66,(anonymous_6)
FNF:7
FNH:3
FNDA:1,(anonymous_0)
FNDA:0,(anonymous_1)
FNDA:0,(anonymous_2)
FNDA:0,(anonymous_3)
FNDA:0,(anonymous_4)
FNDA:3,(anonymous_5)
FNDA:3,(anonymous_6)
DA:1,1
DA:2,1
DA:3,1
DA:4,1
DA:7,1
DA:9,1
DA:10,1
DA:15,1
DA:18,1
DA:19,0
DA:20,0
DA:30,0
DA:31,0
DA:33,0
DA:37,1
DA:38,0
DA:39,0
DA:49,0
DA:50,0
DA:52,0
DA:56,1
DA:58,3
DA:59,3
DA:67,3
DA:70,0
DA:74,1
LF:26
LH:15
BRDA:30,0,0,0
BRDA:30,0,1,0
BRDA:49,1,0,0
BRDA:49,1,1,0
BRF:4
BRH:0
end_of_record
TN:
SF:../controllers/users.js
FN:9,(anonymous_0)
FN:17,(anonymous_1)
FN:26,(anonymous_2)
FN:32,(anonymous_3)
FN:60,(anonymous_4)
FN:63,(anonymous_5)
FN:73,(anonymous_6)
FN:83,(anonymous_7)
FNF:8
FNH:8
FNDA:6,(anonymous_0)
FNDA:5,(anonymous_1)
FNDA:10,(anonymous_2)
FNDA:10,(anonymous_3)
FNDA:1,(anonymous_4)
FNDA:1,(anonymous_5)
FNDA:1,(anonymous_6)
FNDA:1,(anonymous_7)
DA:1,1
DA:2,1
DA:3,1
DA:4,1
DA:5,1
DA:7,1
DA:9,1
DA:11,6
DA:12,6
DA:18,5
DA:21,1
DA:26,1
DA:27,10
DA:33,10
DA:34,2
DA:37,8
DA:42,8
DA:43,1
DA:49,7
DA:51,7
DA:60,1
DA:61,1
DA:64,1
DA:73,1
DA:74,1
DA:75,1
DA:79,1
DA:83,1
DA:84,1
DA:91,1
LF:30
LH:30
BRDA:33,0,0,2
BRDA:33,0,1,8
BRDA:42,1,0,1
BRDA:42,1,1,7
BRF:4
BRH:4
end_of_record
TN:
SF:../middleware/authJwt.js
FN:6,(anonymous_0)
FN:15,(anonymous_1)
FNF:2
FNH:2
FNDA:9,(anonymous_0)
FNDA:8,(anonymous_1)
DA:1,1
DA:2,1
DA:3,1
DA:4,1
DA:6,1
DA:7,9
DA:9,9
DA:10,1
DA:15,8
DA:16,8
DA:17,1
DA:21,7
DA:22,7
DA:27,1
DA:30,1
LF:15
LH:15
BRDA:9,0,0,1
BRDA:9,0,1,8
BRDA:16,1,0,1
BRDA:16,1,1,7
BRF:4
BRH:4
end_of_record
TN:
SF:../middleware/index.js
FNF:0
FNH:0
DA:1,1
DA:2,1
DA:4,1
LF:3
LH:3
BRF:0
BRH:0
end_of_record
TN:
SF:../middleware/verifySignUp.js
FN:4,(anonymous_0)
FN:10,(anonymous_1)
FNF:2
FNH:2
FNDA:7,(anonymous_0)
FNDA:7,(anonymous_1)
DA:1,1
DA:2,1
DA:4,1
DA:6,7
DA:11,7
DA:12,1
DA:15,1
DA:18,6
DA:22,1
DA:26,1
LF:10
LH:10
BRDA:11,0,0,1
BRDA:11,0,1,6
BRF:2
BRH:2
end_of_record
TN:
SF:../models/index.js
FNF:0
FNH:0
DA:1,1
DA:2,1
DA:4,1
DA:6,1
DA:16,1
DA:20,1
DA:25,1
DA:26,1
DA:28,1
DA:30,1
DA:31,1
DA:33,1
DA:34,1
DA:36,1
LF:14
LH:14
BRF:0
BRH:0
end_of_record
TN:
SF:../models/logs.js
FN:1,(anonymous_0)
FNF:1
FNH:1
FNDA:1,(anonymous_0)
DA:1,1
DA:2,1
LF:2
LH:2
BRF:0
BRH:0
end_of_record
TN:
SF:../models/users.js
FN:1,(anonymous_0)
FNF:1
FNH:1
FNDA:1,(anonymous_0)
DA:1,1
DA:2,1
LF:2
LH:2
BRF:0
BRH:0
end_of_record
TN:
SF:../routes/index.js
FN:6,(anonymous_0)
FNF:1
FNH:0
FNDA:0,(anonymous_0)
DA:1,1
DA:2,1
DA:3,1
DA:4,1
DA:6,1
DA:7,0
DA:13,1
DA:14,1
DA:16,1
LF:9
LH:8
BRF:0
BRH:0
end_of_record
TN:
SF:../routes/logs.js
FNF:0
FNH:0
DA:1,1
DA:2,1
DA:3,1
DA:4,1
DA:7,1
DA:9,1
DA:11,1
DA:13,1
DA:16,1
LF:9
LH:9
BRF:0
BRH:0
end_of_record
TN:
SF:../routes/users.js
FNF:0
FNH:0
DA:1,1
DA:2,1
DA:3,1
DA:4,1
DA:5,1
DA:8,1
DA:10,1
DA:12,1
DA:14,1
DA:16,1
DA:19,1
LF:11
LH:11
BRF:0
BRH:0
end_of_record
